time="2024-03-16T17:10:26+05:00" level=info msg="Server started"
time="2024-03-16T17:28:42+05:00" level=info msg="Server started"
time="2024-03-16T17:28:49+05:00" level=info msg="Handling Get Actors By ID"
time="2024-03-16T17:28:49+05:00" level=error msg="Failed to Get Actors By ID: sql: no rows in result set"
time="2024-03-16T17:28:54+05:00" level=info msg="Handling Get Actors By ID"
time="2024-03-16T17:28:54+05:00" level=error msg="Failed to Get Actors By ID: sql: no rows in result set"
time="2024-03-16T17:28:56+05:00" level=info msg="Handling Get Actors By ID"
time="2024-03-16T17:28:59+05:00" level=info msg="Handling Get All Actors"
time="2024-03-16T17:29:37+05:00" level=info msg="Handling Update Actor"
time="2024-03-16T17:29:37+05:00" level=error msg="Failed to update actor: update structure has no values"
time="2024-03-16T17:30:01+05:00" level=info msg="Handling Update Actor"
time="2024-03-16T18:34:53+05:00" level=info msg="Server started"
time="2024-03-16T18:40:45+05:00" level=info msg="Server started"
time="2024-03-16T18:41:51+05:00" level=info msg="Handling Sign Up"
time="2024-03-16T18:42:09+05:00" level=info msg="Handling Sign In"
time="2024-03-16T18:42:25+05:00" level=info msg="Handling Get All Actors"
time="2024-03-16T18:49:56+05:00" level=info msg="Server started"
time="2024-03-16T19:02:15+05:00" level=info msg="Server started"
time="2024-03-16T19:02:44+05:00" level=info msg="Handling Sign In"
time="2024-03-16T19:03:25+05:00" level=info msg="Server started"
time="2024-03-16T19:03:48+05:00" level=info msg="Handling Sign In"
time="2024-03-16T19:04:14+05:00" level=info msg="Handling Get All Movies"
time="2024-03-16T19:04:26+05:00" level=info msg="Handling Get All Actors"
time="2024-03-16T19:05:06+05:00" level=info msg="Handling Create Movie request"
time="2024-03-16T19:05:06+05:00" level=error msg="Failed to create movie:pq: invalid input syntax for type date: \"\""
time="2024-03-16T19:06:29+05:00" level=info msg="Server started"
time="2024-03-16T19:06:48+05:00" level=info msg="Handling Sign In"
time="2024-03-16T19:07:04+05:00" level=info msg="Handling Get All Actors"
time="2024-03-16T19:07:43+05:00" level=info msg="Handling Create Movie request"
time="2024-03-16T19:07:58+05:00" level=info msg="Handling Create Movie request"
time="2024-03-16T19:07:58+05:00" level=error msg="Failed to create movie:movie with the same parameters already exists"
time="2024-03-16T19:08:08+05:00" level=info msg="Handling Create Movie request"
time="2024-03-16T19:10:06+05:00" level=info msg="Handling Search Movie By Actor Name"
time="2024-03-16T19:12:17+05:00" level=info msg="Handling Get Movie By ID"
time="2024-03-16T19:12:17+05:00" level=error msg="Invailed ID parameter: strconv.Atoi: parsing \"sorted\": invalid syntax"
time="2024-03-16T19:12:39+05:00" level=info msg="Handling Search Movie By Title"
time="2024-03-16T19:12:45+05:00" level=info msg="Handling Search Movie By Title"
time="2024-03-16T19:12:51+05:00" level=info msg="Handling Search Movie By Title"
time="2024-03-16T19:12:53+05:00" level=info msg="Handling Search Movie By Title"
time="2024-03-16T19:12:56+05:00" level=info msg="Handling Search Movie By Title"
time="2024-03-16T19:13:13+05:00" level=info msg="Handling Get Movie By ID"
time="2024-03-16T19:13:13+05:00" level=error msg="Invailed ID parameter: strconv.Atoi: parsing \"sorted\": invalid syntax"
time="2024-03-16T19:13:42+05:00" level=info msg="Handling Get Movie By ID"
time="2024-03-16T19:13:42+05:00" level=error msg="Failed to Get Movie By ID: sql: no rows in result set"
time="2024-03-16T19:14:28+05:00" level=info msg="Handling Get All Movies"
time="2024-03-16T19:14:50+05:00" level=info msg="Handling Get Actors By ID"
time="2024-03-16T19:15:10+05:00" level=info msg="Handling Get Movie By ID"
time="2024-03-16T19:15:10+05:00" level=error msg="Invailed ID parameter: strconv.Atoi: parsing \"sorted\": invalid syntax"
time="2024-03-16T19:15:28+05:00" level=info msg="Handling Get Movie By ID"
time="2024-03-16T19:15:28+05:00" level=error msg="Invailed ID parameter: strconv.Atoi: parsing \"sorted\": invalid syntax"
time="2024-03-16T19:15:41+05:00" level=info msg="Handling Get All Movies Sorted by Title"
time="2024-03-16T19:16:29+05:00" level=info msg="Handling Search Movie By Actor Name"
time="2024-03-16T19:19:36+05:00" level=info msg="Server started"
time="2024-03-16T19:19:42+05:00" level=info msg="Handling Search Movie By Actor Name"
time="2024-03-16T19:19:48+05:00" level=info msg="Handling Search Movie By Title"
time="2024-03-16T19:19:51+05:00" level=info msg="Handling Search Movie By Title"
time="2024-03-16T19:19:54+05:00" level=info msg="Handling Search Movie By Title"
time="2024-03-16T19:20:31+05:00" level=info msg="Handling Sign In"
time="2024-03-16T19:21:43+05:00" level=info msg="Handling Get All Movies"
time="2024-03-16T19:25:44+05:00" level=info msg="Server started"
time="2024-03-16T19:26:00+05:00" level=info msg="Handling Sign In"
time="2024-03-16T19:26:00+05:00" level=error msg="Failed to generate JWT Token:sql: no rows in result set"
time="2024-03-16T19:26:18+05:00" level=info msg="Handling Sign In"
time="2024-03-16T19:26:46+05:00" level=info msg="Handling Get All Actors"
time="2024-03-16T19:27:24+05:00" level=info msg="Handling Create Actor request"
time="2024-03-16T19:27:33+05:00" level=info msg="Handling Get Actors By ID"
time="2024-03-16T19:28:13+05:00" level=info msg="Handling Update Actor"
time="2024-03-16T19:28:13+05:00" level=error msg="Failed to update actor: pq: date/time field value out of range: \"1996-24-45\""
time="2024-03-16T19:28:28+05:00" level=info msg="Handling Update Actor"
time="2024-03-16T19:28:38+05:00" level=info msg="Handling Delete Actor"
time="2024-03-16T19:28:42+05:00" level=info msg="Handling Delete Actor"
time="2024-03-16T19:29:19+05:00" level=info msg="Handling Get All Actors"
time="2024-03-16T19:29:31+05:00" level=info msg="Handling Get All Movies"
time="2024-03-16T19:30:09+05:00" level=info msg="Handling Create Movie request"
time="2024-03-16T19:30:09+05:00" level=info msg="actor ID not found: 1"
time="2024-03-16T19:30:09+05:00" level=info msg="actor ID not found: 6"
time="2024-03-16T19:30:25+05:00" level=info msg="Handling Search Movie By Actor Name"
time="2024-03-16T19:30:39+05:00" level=info msg="Handling Search Movie By Actor Name"
time="2024-03-16T19:30:53+05:00" level=info msg="Handling Search Movie By Title"
time="2024-03-16T19:31:01+05:00" level=info msg="Handling Search Movie By Title"
time="2024-03-16T19:31:07+05:00" level=info msg="Handling Get Movie By ID"
time="2024-03-16T19:31:07+05:00" level=error msg="Invailed ID parameter: strconv.Atoi: parsing \"sorted\": invalid syntax"
time="2024-03-16T19:31:18+05:00" level=info msg="Handling Get Movie By ID"
time="2024-03-16T19:31:18+05:00" level=error msg="Invailed ID parameter: strconv.Atoi: parsing \"sorted\": invalid syntax"
time="2024-03-16T19:32:53+05:00" level=info msg="Handling Get Movie By ID"
time="2024-03-16T19:32:53+05:00" level=error msg="Invailed ID parameter: strconv.Atoi: parsing \"sorted\": invalid syntax"
time="2024-03-16T19:33:41+05:00" level=info msg="Handling Get Movie By ID"
time="2024-03-16T19:33:41+05:00" level=error msg="Invailed ID parameter: strconv.Atoi: parsing \"sorted\": invalid syntax"
time="2024-03-16T19:33:47+05:00" level=info msg="Handling Get Movie By ID"
time="2024-03-16T19:33:47+05:00" level=error msg="Invailed ID parameter: strconv.Atoi: parsing \"sorted\": invalid syntax"
time="2024-03-16T19:34:19+05:00" level=info msg="Handling Get Movie By ID"
time="2024-03-16T19:34:19+05:00" level=error msg="Failed to Get Movie By ID: sql: no rows in result set"
time="2024-03-16T19:34:29+05:00" level=info msg="Handling Get Movie By ID"
time="2024-03-16T19:34:36+05:00" level=info msg="Handling Get Movie By ID"
time="2024-03-16T19:34:38+05:00" level=info msg="Handling Get Movie By ID"
time="2024-03-16T19:34:38+05:00" level=error msg="Failed to Get Movie By ID: sql: no rows in result set"
time="2024-03-16T19:34:40+05:00" level=info msg="Handling Get Movie By ID"
time="2024-03-16T19:34:40+05:00" level=error msg="Failed to Get Movie By ID: sql: no rows in result set"
time="2024-03-16T19:35:50+05:00" level=info msg="Handling Update Movie"
time="2024-03-16T19:35:50+05:00" level=error msg="Failed to update movie: pq: duplicate key value violates unique constraint \"moviesactors_pkey\""
time="2024-03-16T19:36:04+05:00" level=info msg="Handling Update Movie"
time="2024-03-16T19:36:28+05:00" level=info msg="Handling Get Movie By ID"
time="2024-03-16T19:36:40+05:00" level=info msg="Handling Delete Movie"
time="2024-03-16T19:36:51+05:00" level=info msg="Handling Get All Movies"
time="2024-03-16T19:37:28+05:00" level=info msg="Handling Get Movie By ID"
time="2024-03-16T19:37:28+05:00" level=error msg="Invailed ID parameter: strconv.Atoi: parsing \"sorted\": invalid syntax"
time="2024-03-16T19:37:40+05:00" level=info msg="Handling Get Movie By ID"
time="2024-03-16T19:37:40+05:00" level=error msg="Invailed ID parameter: strconv.Atoi: parsing \"sorted\": invalid syntax"
time="2024-03-16T19:42:26+05:00" level=info msg="Server started"
time="2024-03-16T19:42:28+05:00" level=info msg="Handling Get Movie By ID"
time="2024-03-16T19:42:28+05:00" level=error msg="Invailed ID parameter: strconv.Atoi: parsing \"sorted\": invalid syntax"
time="2024-03-16T19:42:36+05:00" level=info msg="Handling Get All Movies"
time="2024-03-16T19:43:50+05:00" level=info msg="Server started"
time="2024-03-16T19:45:14+05:00" level=info msg="Server started"
time="2024-03-16T19:46:18+05:00" level=info msg="Server started"
time="2024-03-16T19:46:35+05:00" level=info msg="Handling Log In"
time="2024-03-16T19:46:53+05:00" level=info msg="Handling Get All Movies Sorted by Date"
time="2024-03-16T19:47:12+05:00" level=info msg="Handling Get All Movies Sorted by Title"
time="2024-03-16T19:49:41+05:00" level=info msg="Server started"
time="2024-03-16T19:51:39+05:00" level=info msg="Handling Log In"
time="2024-03-16T19:52:09+05:00" level=info msg="Handling Get All Movies Sorted by Date"
time="2024-03-16T19:52:18+05:00" level=info msg="Handling Search Movie By Actor Name"
time="2024-03-16T19:52:34+05:00" level=info msg="Handling Search Movie By Title"
time="2024-03-16T19:52:38+05:00" level=info msg="Handling Search Movie By Title"
time="2024-03-16T19:55:33+05:00" level=info msg="Server started"
time="2024-03-16T19:56:22+05:00" level=info msg="Server started"
time="2024-03-16T21:35:15+05:00" level=info msg="Server started"
time="2024-03-16T22:02:12+05:00" level=info msg="Filmoteka app started"
time="2024-03-16T22:02:56+05:00" level=info msg="Handling Log In"
time="2024-03-16T22:03:10+05:00" level=info msg="Handling Get All Actors"
time="2024-03-16T22:03:22+05:00" level=info msg="Handling Get All Actors"
time="2024-03-16T22:03:24+05:00" level=info msg="Filmoteka app is shutting down"
